edu ewu acm 
color cover clear 
barges bad branches bringing between beastly bear big 
mice mouse mouse mover moose maker 
amber alaskan 
lonely 
once a a acm cool contest there time was upon 
a as ass assassin assassins 
be belt bee eels eye eyes easy 
a bat can dance every fourth game hit in jail 
q r s t u v w x y z 
balance baste bail apostrophy academy academic 
sports synchronized session simulated 
then class do for while if else 
friday saturday sunday thursday tuesday monday wednesday 
april august february january june july may march 
local support you your dont why acm 
candlestick professor plum with the the in library 
the whole fun family for is geocaching 
custord copper colonel consistent consoles consequently coat corrogated cannot create 
